\BOOKMARK [0][-]{chapter*.3}{\376\377\000M\036\337\000\040\001\021\036\247\000u}{}% 1
\BOOKMARK [1][-]{section*.4}{\376\377\000C\000u\036\321\000n\000\040\000s\000\341\000c\000h\000\040\000n\000\340\000y\000\040\000d\000\340\000n\000h\000\040\000c\000h\000o\000\040\000a\000i}{chapter*.3}% 2
\BOOKMARK [1][-]{section*.4}{\376\377\000C\000u\036\321\000n\000\040\000s\000\341\000c\000h\000\040\000n\000\340\000y\000\040\000b\000a\000o\000\040\000g\036\323\000m\000\040\000n\000h\036\357\000n\000g\000\040\000g\000\354}{chapter*.3}% 3
\BOOKMARK [1][-]{section*.4}{\376\377\000L\000\340\000m\000\040\000s\000a\000o\000\040\001\021\036\303\000\040\000t\036\255\000n\000\040\000d\036\345\000n\000g\000\040\000t\036\321\000i\000\040\001\021\000a\000\040\000q\000u\000y\036\303\000n\000\040\000s\000\341\000c\000h\000\040\000n\000\340\000y}{chapter*.3}% 4
\BOOKMARK [1][-]{section*.4}{\376\377\000T\036\243\000i\000\040\000x\000u\036\321\000n\000g\000\040\000t\000\340\000i\000\040\000n\000g\000u\000y\000\352\000n\000\040\000n\000h\036\257\000c\000\040\000t\036\333\000i\000\040\000t\000r\000o\000n\000g\000\040\000s\000\341\000c\000h}{chapter*.3}% 5
\BOOKMARK [0][-]{chapter.1}{\376\377\000T\036\325\000n\000g\000\040\000q\000u\000a\000n\000\040\000v\036\301\000\040\000n\0008\000n}{}% 6
\BOOKMARK [1][-]{section.1.1}{\376\377\000n\0008\000n\000\040\000l\000\340\000\040\000g\000\354\000?}{chapter.1}% 7
\BOOKMARK [1][-]{section.1.2}{\376\377\000L\036\313\000c\000h\000\040\000s\036\355\000\040\000p\000h\000\341\000t\000\040\000t\000r\000i\036\303\000n}{chapter.1}% 8
\BOOKMARK [1][-]{section.1.3}{\376\377\000L\000o\000w\000-\000c\000o\000d\000e\000\040\000v\000\340\000\040\000N\000o\000-\000c\000o\000d\000e}{chapter.1}% 9
\BOOKMARK [1][-]{section.1.4}{\376\377\000T\036\241\000i\000\040\000s\000a\000o\000\040\000n\000\352\000n\000\040\000h\036\315\000c\000\040\000n\0008\000n\000?}{chapter.1}% 10
\BOOKMARK [1][-]{section.1.5}{\376\377\000n\0008\000n\000\040\036\337\000\040\001\021\000\342\000u\000\040\000t\000r\001\260\036\333\000c\000\040\000c\001\241\000n\000\040\000h\000\363\000t\000\040\000t\000r\000e\000n\000d\000\040\000A\000u\000t\000o\000m\000a\000t\000i\000o\000n}{chapter.1}% 11
\BOOKMARK [1][-]{section.1.6}{\376\377\000n\0008\000n\000\040\000c\000\363\000\040\000t\000h\036\303\000\040\000l\000\340\000m\000\040\001\021\001\260\036\343\000c\000\040\000g\000\354\000?}{chapter.1}% 12
\BOOKMARK [0][-]{chapter.2}{\376\377\000C\000\340\000i\000\040\001\021\036\267\000t\000\040\000\046\000\040\000M\000\364\000i\000\040\000t\000r\001\260\036\335\000n\000g\000\040\000l\000\340\000m\000\040\000v\000i\036\307\000c}{}% 13
\BOOKMARK [1][-]{section.2.1}{\376\377\000C\000\340\000i\000\040\001\021\036\267\000t\000\040\000t\000r\000\352\000n\000\040\000W\000i\000n\000d\000o\000w\000s\000,\000\040\000m\000a\000c\000O\000S\000,\000\040\000L\000i\000n\000u\000x}{chapter.2}% 14
\BOOKMARK [1][-]{section.2.2}{\376\377\000C\000h\036\241\000y\000\040\000t\000r\000\352\000n\000\040\000C\000l\000o\000u\000d}{chapter.2}% 15
\BOOKMARK [1][-]{section.2.3}{\376\377\000C\000\340\000i\000\040\000b\036\261\000n\000g\000\040\000n\000o\000d\000e\000\040\000t\000r\000\352\000n\000\040\000A\000W\000S\000\040\000E\000C\0002}{chapter.2}% 16
\BOOKMARK [2][-]{subsection.2.3.1}{\376\377\000C\000\340\000i\000\040\000b\036\261\000n\000g\000\040\000D\000o\000c\000k\000e\000r}{section.2.3}% 17
\BOOKMARK [1][-]{section.2.4}{\376\377\000C\000\341\000c\000h\000\040\000c\036\351\000u\000\040\000v\000\343\000n\000\040\000t\000r\000o\000n\000g\000\040\000t\000r\001\260\036\335\000n\000g\000\040\000h\036\343\000p\000\040\000q\000u\000\352\000n\000\040\000p\000a\000s\000s\000w\000o\000r\000d\000\040\000n\0008\000n}{chapter.2}% 18
\BOOKMARK [1][-]{section.2.5}{\376\377\000T\036\325\000n\000g\000\040\000q\000u\000a\000n\000\040\000g\000i\000a\000o\000\040\000d\000i\036\307\000n\000\040\000n\0008\000n}{chapter.2}% 19
\BOOKMARK [1][-]{section.2.6}{\376\377\000N\000g\000u\000y\000\352\000n\000\040\000t\036\257\000c\000\040\000l\000\340\000m\000\040\000v\000i\036\307\000c\000\040\000v\036\333\000i\000\040\000n\0008\000n}{chapter.2}% 20
\BOOKMARK [1][-]{section.2.7}{\376\377\000T\036\321\000i\000\040\001\260\000u\000\040\000w\000o\000r\000k\000f\000l\000o\000w}{chapter.2}% 21
\BOOKMARK [1][-]{section.2.8}{\376\377\000C\000\341\000c\000h\000\040\000i\000m\000p\000o\000r\000t\000,\000\040\000e\000x\000p\000o\000r\000t\000\040\000w\000o\000r\000f\000l\000o\000w}{chapter.2}% 22
\BOOKMARK [0][-]{chapter.3}{\376\377\000H\000i\036\303\000u\000\040\000v\036\301\000\040\000N\000o\000d\000e\000\040\000-\000\040\001\020\001\241\000n\000\040\000v\036\313\000\040\000c\001\241\000\040\000b\036\243\000n\000\040\000c\036\347\000a\000\040\000n\0008\000n}{}% 23
\BOOKMARK [1][-]{section.3.1}{\376\377\000G\000i\000a\000o\000\040\000d\000i\036\307\000n\000\040\000n\000g\001\260\036\335\000i\000\040\000d\000\371\000n\000g}{chapter.3}% 24
\BOOKMARK [1][-]{section.3.2}{\376\377\000N\000g\000\364\000n\000\040\000n\000g\036\357\000\040\000c\036\347\000a\000\040\000n\0008\000n}{chapter.3}% 25
\BOOKMARK [1][-]{section.3.3}{\376\377\000N\000o\000d\000e}{chapter.3}% 26
\BOOKMARK [2][-]{subsection.3.3.1}{\376\377\000C\000h\036\351\000c\000\040\000n\001\003\000n\000g\000\040\000c\000h\000\355\000n\000h\000\040\000c\036\347\000a\000\040\000n\000o\000d\000e\000s}{section.3.3}% 27
\BOOKMARK [1][-]{section.3.4}{\376\377\000C\036\245\000u\000\040\000t\000r\000\372\000c\000\040\000c\036\347\000a\000\040\000m\036\331\000t\000\040\000n\000o\000d\000e}{chapter.3}% 28
\BOOKMARK [2][-]{subsection.3.4.1}{\376\377\000I\000n\000p\000u\000t}{section.3.4}% 29
\BOOKMARK [2][-]{subsection.3.4.2}{\376\377\000P\000a\000r\000a\000m\000e\000t\000e\000r\000s}{section.3.4}% 30
\BOOKMARK [2][-]{subsection.3.4.3}{\376\377\000O\000u\000t\000p\000u\000t}{section.3.4}% 31
\BOOKMARK [2][-]{subsection.3.4.4}{\376\377\000K\036\277\000t\000\040\000n\036\321\000i\000\040\000c\000\341\000c\000\040\000n\000\372\000t\000\040\001\021\036\303\000\040\000t\036\241\000o\000\040\000l\000u\036\323\000n\000g\000\040\000d\036\357\000\040\000l\000i\036\307\000u}{section.3.4}% 32
\BOOKMARK [1][-]{section.3.5}{\376\377\000T\000r\000i\000g\000g\000e\000r\000\040\000N\000o\000d\000e}{chapter.3}% 33
\BOOKMARK [1][-]{section.3.6}{\376\377\000D\000a\000t\000a\000\040\000t\000r\000a\000n\000s\000f\000o\000r\000m\000a\000t\000i\000o\000n}{chapter.3}% 34
\BOOKMARK [2][-]{subsection.3.6.1}{\376\377\000N\000o\000d\000e\000\040\000S\000e\000t}{section.3.6}% 35
\BOOKMARK [2][-]{subsection.3.6.2}{\376\377\000S\000p\000l\000i\000t\000\040\000o\000u\000t}{section.3.6}% 36
\BOOKMARK [2][-]{subsection.3.6.3}{\376\377\000N\000o\000d\000e\000\040\000m\000e\000r\000g\000e}{section.3.6}% 37
\BOOKMARK [1][-]{section.3.7}{\376\377\000F\000l\000o\000w\000\040\000n\000o\000d\000e}{chapter.3}% 38
\BOOKMARK [2][-]{subsection.3.7.1}{\376\377\000W\000a\000i\000t}{section.3.7}% 39
\BOOKMARK [2][-]{subsection.3.7.2}{\376\377\000K\036\277\000t\000\040\000n\036\321\000i\000\040\000g\000i\036\357\000a\000\040\000c\000\341\000c\000\040\000N\000o\000d\000e\000s}{section.3.7}% 40
\BOOKMARK [2][-]{subsection.3.7.3}{\376\377\000M\036\271\000o\000\040\000s\036\355\000\040\000d\036\345\000n\000g\000\040\000N\000o\000d\000e\000\040\000h\000i\036\307\000u\000\040\000q\000u\036\243}{section.3.7}% 41
\BOOKMARK [1][-]{section.3.8}{\376\377\000C\000o\000r\000e\000\040\000n\000o\000d\000e}{chapter.3}% 42
\BOOKMARK [2][-]{subsection.3.8.1}{\376\377\000H\000T\000T\000P\000\040\000r\000e\000q\000u\000e\000s\000t}{section.3.8}% 43
\BOOKMARK [2][-]{subsection.3.8.2}{\376\377\000C\000o\000d\000e}{section.3.8}% 44
\BOOKMARK [2][-]{subsection.3.8.3}{\376\377\000W\000e\000b\000h\000o\000o\000k}{section.3.8}% 45
\BOOKMARK [1][-]{section.3.9}{\376\377\000H\000u\000m\000a\000n\000\040\000i\000n\000\040\000l\000o\000o\000p}{chapter.3}% 46
\BOOKMARK [1][-]{section.3.10}{\376\377\000R\000e\000g\000u\000l\000a\000r\000\040\000N\000o\000d\000e\000s}{chapter.3}% 47
\BOOKMARK [1][-]{section.3.11}{\376\377\000E\000x\000p\000r\000e\000s\000s\000i\000o\000n\000s}{chapter.3}% 48
\BOOKMARK [2][-]{subsection.3.11.1}{\376\377\000S\036\355\000\040\000d\036\345\000n\000g\000\040\000E\000x\000p\000r\000e\000s\000s\000i\000o\000n\000s}{section.3.11}% 49
\BOOKMARK [2][-]{subsection.3.11.2}{\376\377\000C\000\341\000c\000\040\000B\000i\036\303\000u\000\040\000T\000h\036\351\000c\000\040\000P\000h\036\325\000\040\000B\000i\036\277\000n}{section.3.11}% 50
\BOOKMARK [0][-]{chapter.4}{\376\377\000L\000\340\000m\000\040\000v\000i\036\307\000c\000\040\000v\036\333\000i\000\040\000d\036\357\000\040\000l\000i\036\307\000u\000\040\000t\000r\000o\000n\000g\000\040\000n\0008\000n}{}% 51
\BOOKMARK [1][-]{section.4.1}{\376\377\000B\000i\036\277\000n\000,\000\040\000J\000S\000O\000N\000,\000\040\000E\000x\000p\000r\000e\000s\000s\000i\000o\000n\000s}{chapter.4}% 52
\BOOKMARK [2][-]{subsection.4.1.1}{\376\377\000B\000i\036\277\000n\000\040\000t\000r\000o\000n\000g\000\040\000n\0008\000n\000:\000\040\000C\000\341\000c\000h\000\040\000l\001\260\000u\000\040\000t\000r\036\357\000\040\000v\000\340\000\040\000s\036\355\000\040\000d\036\345\000n\000g\000\040\000t\000h\000\364\000n\000g\000\040\000t\000i\000n}{section.4.1}% 53
\BOOKMARK [2][-]{subsection.4.1.2}{\376\377\000J\000S\000O\000N\000:\000\040\000N\000g\000\364\000n\000\040\000n\000g\036\357\000\040\000d\036\357\000\040\000l\000i\036\307\000u\000\040\000c\036\347\000a\000\040\000n\0008\000n}{section.4.1}% 54
\BOOKMARK [2][-]{subsection.4.1.3}{\376\377\000E\000x\000p\000r\000e\000s\000s\000i\000o\000n\000s\000:\000\040\000C\000\364\000n\000g\000\040\000c\036\345\000\040\000l\000\340\000m\000\040\000v\000i\036\307\000c\000\040\000v\036\333\000i\000\040\000d\036\357\000\040\000l\000i\036\307\000u}{section.4.1}% 55
\BOOKMARK [1][-]{section.4.2}{\376\377\000S\000t\000o\000r\000a\000g\000e\000\040\000N\000o\000d\000e\000\040\000\050\000D\000a\000t\000a\000,\000\040\000C\000a\000c\000h\000e\000,\000\040\000D\000a\000t\000a\000b\000a\000s\000e\000\051}{chapter.4}% 56
\BOOKMARK [2][-]{subsection.4.2.1}{\376\377\000D\000a\000t\000a\000\040\000S\000t\000o\000r\000a\000g\000e\000:\000\040\000L\001\260\000u\000\040\000t\000r\036\357\000\040\000t\000h\000\364\000n\000g\000\040\000t\000i\000n\000\040\000g\000i\036\357\000a\000\040\000c\000\341\000c\000\040\000l\036\247\000n\000\040\000c\000h\036\241\000y}{section.4.2}% 57
\BOOKMARK [2][-]{subsection.4.2.2}{\376\377\000C\000a\000c\000h\000e\000\040\000N\000o\000d\000e\000:\000\040\000L\001\260\000u\000\040\000t\000r\036\357\000\040\000t\036\241\000m\000\040\000t\000h\036\335\000i}{section.4.2}% 58
\BOOKMARK [2][-]{subsection.4.2.3}{\376\377\000D\000a\000t\000a\000b\000a\000s\000e\000\040\000N\000o\000d\000e\000:\000\040\000L\000\340\000m\000\040\000v\000i\036\307\000c\000\040\000v\036\333\000i\000\040\000c\001\241\000\040\000s\036\337\000\040\000d\036\357\000\040\000l\000i\036\307\000u}{section.4.2}% 59
\BOOKMARK [1][-]{section.4.3}{\376\377\000H\000T\000T\000P\000\040\000R\000e\000q\000u\000e\000s\000t\000\040\000\046\000\040\000A\000P\000I\000\040\000B\000a\000s\000i\000c\000s}{chapter.4}% 60
\BOOKMARK [2][-]{subsection.4.3.1}{\376\377\000T\001\260\001\241\000n\000g\000\040\000t\000\341\000c\000\040\000v\036\333\000i\000\040\000A\000P\000I\000:\000\040\000L\036\245\000y\000\040\000t\000h\000\364\000n\000g\000\040\000t\000i\000n\000\040\000t\036\353\000\040\000d\036\313\000c\000h\000\040\000v\036\345\000\040\000b\000\352\000n\000\040\000n\000g\000o\000\340\000i}{section.4.3}% 61
\BOOKMARK [2][-]{subsection.4.3.2}{\376\377\000X\000\341\000c\000\040\000t\000h\036\361\000c\000\040\000A\000P\000I\000:\000\040\000K\036\277\000t\000\040\000n\036\321\000i\000\040\000a\000n\000\040\000t\000o\000\340\000n\000\040\000v\036\333\000i\000\040\000d\036\313\000c\000h\000\040\000v\036\345\000\040\000b\000\352\000n\000\040\000n\000g\000o\000\340\000i}{section.4.3}% 62
\BOOKMARK [2][-]{subsection.4.3.3}{\376\377\000T\000\355\000c\000h\000\040\000h\036\343\000p\000\040\000d\036\313\000c\000h\000\040\000v\036\345\000:\000\040\000K\036\277\000t\000\040\000n\036\321\000i\000\040\000n\000h\000i\036\301\000u\000\040\000h\036\307\000\040\000t\000h\036\321\000n\000g}{section.4.3}% 63
\BOOKMARK [2][-]{subsection.4.3.4}{\376\377\000X\036\355\000\040\000l\000\375\000\040\000l\036\327\000i\000\040\000A\000P\000I\000:\000\040\001\020\036\243\000m\000\040\000b\036\243\000o\000\040\000w\000o\000r\000k\000f\000l\000o\000w\000\040\000h\000o\036\241\000t\000\040\001\021\036\331\000n\000g\000\040\036\325\000n\000\040\001\021\036\313\000n\000h}{section.4.3}% 64
\BOOKMARK [1][-]{section.4.4}{\376\377\000B\000\340\000i\000\040\000t\036\255\000p\000\040\000t\000h\036\361\000c\000\040\000h\000\340\000n\000h}{chapter.4}% 65
\BOOKMARK [0][-]{chapter.5}{\376\377\001\020\000i\036\301\000u\000\040\000k\000i\036\307\000n\000\040\000v\000\340\000\040\000v\000\362\000n\000g\000\040\000l\036\267\000p\000\040\000t\000r\000o\000n\000g\000\040\000w\000o\000r\000k\000f\000l\000o\000w}{}% 66
\BOOKMARK [1][-]{section.5.1}{\376\377\000G\000i\036\333\000i\000\040\000t\000h\000i\036\307\000u}{chapter.5}% 67
\BOOKMARK [1][-]{section.5.2}{\376\377\000I\000f\000,\000\040\000S\000w\000i\000t\000c\000h\000,\000\040\000M\000e\000r\000g\000e\000\040\000N\000o\000d\000e}{chapter.5}% 68
\BOOKMARK [2][-]{subsection.5.2.1}{\376\377\000I\000F\000\040\000N\000o\000d\000e\000\040\000-\000\040\001\020\000i\036\301\000u\000\040\000k\000i\036\307\000n\000\040\000c\001\241\000\040\000b\036\243\000n}{section.5.2}% 69
\BOOKMARK [2][-]{subsection.5.2.2}{\376\377\000S\000w\000i\000t\000c\000h\000\040\000N\000o\000d\000e\000\040\000-\000\040\000N\000h\000i\036\301\000u\000\040\000n\000h\000\341\000n\000h\000\040\001\021\000i\036\301\000u\000\040\000k\000i\036\307\000n}{section.5.2}% 70
\BOOKMARK [2][-]{subsection.5.2.3}{\376\377\000M\000e\000r\000g\000e\000\040\000N\000o\000d\000e\000\040\000-\000\040\000K\036\277\000t\000\040\000h\036\343\000p\000\040\000d\036\357\000\040\000l\000i\036\307\000u\000\040\000t\036\353\000\040\000n\000h\000i\036\301\000u\000\040\000n\000h\000\341\000n\000h}{section.5.2}% 71
\BOOKMARK [2][-]{subsection.5.2.4}{\376\377\000K\036\277\000t\000\040\000h\036\343\000p\000\040\000I\000F\000,\000\040\000S\000w\000i\000t\000c\000h\000\040\000v\000\340\000\040\000M\000e\000r\000g\000e}{section.5.2}% 72
\BOOKMARK [1][-]{section.5.3}{\376\377\000V\000\362\000n\000g\000\040\000l\036\267\000p\000\040\000F\000o\000r\000,\000\040\000W\000h\000i\000l\000e\000\040\000t\000r\000o\000n\000g\000\040\000n\0008\000n}{chapter.5}% 73
\BOOKMARK [2][-]{subsection.5.3.1}{\376\377\000F\000o\000r\000\040\000L\000o\000o\000p}{section.5.3}% 74
\BOOKMARK [2][-]{subsection.5.3.2}{\376\377\000W\000h\000i\000l\000e\000\040\000L\000o\000o\000p}{section.5.3}% 75
\BOOKMARK [2][-]{subsection.5.3.3}{\376\377\000K\036\371\000\040\000t\000h\000u\036\255\000t\000\040\000n\000\342\000n\000g\000\040\000c\000a\000o\000:\000\040\000V\000\362\000n\000g\000\040\000l\036\267\000p\000\040\000l\036\323\000n\000g\000\040\000n\000h\000a\000u}{section.5.3}% 76
\BOOKMARK [1][-]{section.5.4}{\376\377\000X\036\355\000\040\000l\000\375\000\040\000l\036\327\000i\000\040\000t\000r\000o\000n\000g\000\040\000w\000o\000r\000k\000f\000l\000o\000w}{chapter.5}% 77
\BOOKMARK [2][-]{subsection.5.4.1}{\376\377\000E\000r\000r\000o\000r\000\040\000W\000o\000r\000k\000f\000l\000o\000w\000\040\000-\000\040\000X\036\355\000\040\000l\000\375\000\040\000l\036\327\000i\000\040\000c\001\241\000\040\000b\036\243\000n}{section.5.4}% 78
\BOOKMARK [2][-]{subsection.5.4.2}{\376\377\000E\000r\000r\000o\000r\000\040\000T\000r\000i\000g\000g\000e\000r\000\040\000N\000o\000d\000e}{section.5.4}% 79
\BOOKMARK [2][-]{subsection.5.4.3}{\376\377\000T\000r\000y\000/\000C\000a\000t\000c\000h\000\040\000t\000r\000o\000n\000g\000\040\000n\0008\000n}{section.5.4}% 80
\BOOKMARK [2][-]{subsection.5.4.4}{\376\377\000R\000e\000t\000r\000y\000\040\000k\000h\000i\000\040\000g\036\267\000p\000\040\000l\036\327\000i}{section.5.4}% 81
\BOOKMARK [2][-]{subsection.5.4.5}{\376\377\000G\000h\000i\000\040\000n\000h\036\255\000t\000\040\000k\000\375\000\040\000v\000\340\000\040\000g\000i\000\341\000m\000\040\000s\000\341\000t}{section.5.4}% 82
\BOOKMARK [1][-]{section.5.5}{\376\377\000T\036\325\000n\000g\000\040\000k\036\277\000t}{chapter.5}% 83
\BOOKMARK [1][-]{section.5.6}{\376\377\000B\000\340\000i\000\040\000t\036\255\000p\000\040\000t\000h\036\361\000c\000\040\000h\000\340\000n\000h}{chapter.5}% 84
\BOOKMARK [0][-]{chapter.6}{\376\377\000X\036\355\000\040\000l\000\375\000\040\000d\036\357\000\040\000l\000i\036\307\000u\000\040\000n\000\342\000n\000g\000\040\000c\000a\000o\000\040\000t\000r\000o\000n\000g\000\040\000n\0008\000n}{}% 85
\BOOKMARK [1][-]{section.6.1}{\376\377\000F\000u\000n\000c\000t\000i\000o\000n\000\040\000N\000o\000d\000e\000\040\000\046\000\040\000C\000o\000d\000e\000\040\000S\000n\000i\000p\000p\000e\000t\000s}{chapter.6}% 86
\BOOKMARK [2][-]{subsection.6.1.1}{\376\377\000G\000i\036\333\000i\000\040\000t\000h\000i\036\307\000u\000\040\000F\000u\000n\000c\000t\000i\000o\000n\000\040\000N\000o\000d\000e}{section.6.1}% 87
\BOOKMARK [2][-]{subsection.6.1.2}{\376\377\000C\000\341\000c\000\040\000m\036\271\000o\000\040\000v\000\340\000\040\000t\000h\036\347\000\040\000t\000h\000u\036\255\000t\000\040\000v\036\333\000i\000\040\000F\000u\000n\000c\000t\000i\000o\000n\000\040\000N\000o\000d\000e}{section.6.1}% 88
\BOOKMARK [1][-]{section.6.2}{\376\377\000K\036\277\000t\000\040\000n\036\321\000i\000\040\000d\000a\000t\000a\000b\000a\000s\000e\000:\000\040\000M\000y\000S\000Q\000L\000,\000\040\000P\000o\000s\000t\000g\000r\000e\000S\000Q\000L\000,\000\040\000M\000o\000n\000g\000o\000D\000B\000,\000\040\000N\000o\000c\000o\000d\000b}{chapter.6}% 89
\BOOKMARK [2][-]{subsection.6.2.1}{\376\377\000T\000h\000i\036\277\000t\000\040\000l\036\255\000p\000\040\000k\036\277\000t\000\040\000n\036\321\000i\000\040\000c\001\241\000\040\000s\036\337\000\040\000d\036\357\000\040\000l\000i\036\307\000u}{section.6.2}% 90
\BOOKMARK [2][-]{subsection.6.2.2}{\376\377\000C\000\341\000c\000\040\000k\036\371\000\040\000t\000h\000u\036\255\000t\000\040\000D\000a\000t\000a\000b\000a\000s\000e\000\040\000n\000\342\000n\000g\000\040\000c\000a\000o}{section.6.2}% 91
\BOOKMARK [1][-]{section.6.3}{\376\377\000L\000\340\000m\000\040\000v\000i\036\307\000c\000\040\000v\036\333\000i\000\040\000A\000P\000I\000\040\000n\000\342\000n\000g\000\040\000c\000a\000o\000\040\000\050\000O\000A\000u\000t\000h\000,\000\040\000A\000u\000t\000h\000\040\000T\000o\000k\000e\000n\000\051}{chapter.6}% 92
\BOOKMARK [2][-]{subsection.6.3.1}{\376\377\000X\000\341\000c\000\040\000t\000h\036\361\000c\000\040\000O\000A\000u\000t\000h\000\040\000t\000r\000o\000n\000g\000\040\000n\0008\000n}{section.6.3}% 93
\BOOKMARK [2][-]{subsection.6.3.2}{\376\377\000L\000\340\000m\000\040\000v\000i\036\307\000c\000\040\000v\036\333\000i\000\040\000A\000P\000I\000\040\000s\036\355\000\040\000d\036\345\000n\000g\000\040\000T\000o\000k\000e\000n\000\040\000A\000u\000t\000h\000e\000n\000t\000i\000c\000a\000t\000i\000o\000n}{section.6.3}% 94
\BOOKMARK [2][-]{subsection.6.3.3}{\376\377\000X\000\342\000y\000\040\000d\036\361\000n\000g\000\040\000M\000i\000d\000d\000l\000e\000w\000a\000r\000e\000\040\000A\000P\000I\000\040\000v\036\333\000i\000\040\000n\0008\000n}{section.6.3}% 95
\BOOKMARK [1][-]{section.6.4}{\376\377\000C\000\341\000c\000\040\000k\036\371\000\040\000t\000h\000u\036\255\000t\000\040\000x\036\355\000\040\000l\000\375\000\040\000d\036\357\000\040\000l\000i\036\307\000u\000\040\000n\000\342\000n\000g\000\040\000c\000a\000o}{chapter.6}% 96
\BOOKMARK [2][-]{subsection.6.4.1}{\376\377\000X\036\355\000\040\000l\000\375\000\040\000d\036\357\000\040\000l\000i\036\307\000u\000\040\000b\000a\000t\000c\000h\000\040\000v\000\340\000\040\000p\000a\000g\000i\000n\000a\000t\000i\000o\000n}{section.6.4}% 97
\BOOKMARK [2][-]{subsection.6.4.2}{\376\377\000X\036\355\000\040\000l\000\375\000\040\000d\036\357\000\040\000l\000i\036\307\000u\000\040\000s\000o\000n\000g\000\040\000s\000o\000n\000g\000\040\000v\036\333\000i\000\040\000W\000a\000i\000t\000\040\000n\000o\000d\000e}{section.6.4}% 98
\BOOKMARK [2][-]{subsection.6.4.3}{\376\377\000M\000\343\000\040\000h\000\363\000a\000\040\000v\000\340\000\040\000b\036\243\000o\000\040\000m\036\255\000t\000\040\000d\036\357\000\040\000l\000i\036\307\000u}{section.6.4}% 99
\BOOKMARK [1][-]{section.6.5}{\376\377\000C\000\341\000c\000\040\000v\000\355\000\040\000d\036\345\000\040\000w\000o\000r\000k\000f\000l\000o\000w\000\040\000h\000o\000\340\000n\000\040\000c\000h\036\311\000n\000h}{chapter.6}% 100
\BOOKMARK [2][-]{subsection.6.5.1}{\376\377\000W\000o\000r\000k\000f\000l\000o\000w\000\040\0001\000:\000\040\000H\036\307\000\040\000t\000h\036\321\000n\000g\000\040\000t\000h\000e\000o\000\040\000d\000\365\000i\000\040\000k\000h\000o\000\040\000h\000\340\000n\000g\000\040\000t\036\361\000\040\001\021\036\331\000n\000g}{section.6.5}% 101
\BOOKMARK [2][-]{subsection.6.5.2}{\376\377\000W\000o\000r\000k\000f\000l\000o\000w\000\040\0002\000:\000\040\000T\000\355\000c\000h\000\040\000h\036\343\000p\000\040\000C\000R\000M\000\040\000v\000\340\000\040\000M\000a\000r\000k\000e\000t\000i\000n\000g\000\040\000A\000u\000t\000o\000m\000a\000t\000i\000o\000n}{section.6.5}% 102
\BOOKMARK [1][-]{section.6.6}{\376\377\000B\000\340\000i\000\040\000t\036\255\000p\000\040\000t\000h\036\361\000c\000\040\000h\000\340\000n\000h}{chapter.6}% 103
\BOOKMARK [0][-]{chapter.7}{\376\377\000A\000I\000\040\000t\000r\000o\000n\000g\000\040\000n\0008\000n\000\040\000-\000\040\000X\000u\000\040\000h\001\260\036\333\000n\000g\000\040\000v\000\340\000\040\036\351\000n\000g\000\040\000d\036\345\000n\000g}{}% 104
\BOOKMARK [1][-]{section.7.1}{\376\377\000G\000i\036\333\000i\000\040\000t\000h\000i\036\307\000u\000\040\000v\036\301\000\040\000L\000a\000r\000g\000e\000\040\000L\000a\000n\000g\000u\000a\000g\000e\000\040\000M\000o\000d\000e\000l}{chapter.7}% 105
\BOOKMARK [1][-]{section.7.2}{\376\377\000C\000\341\000c\000\040\000n\000o\000d\000e\000\040\000A\000I\000\040\000t\000r\000o\000n\000g\000\040\000N\0008\000N}{chapter.7}% 106
\BOOKMARK [2][-]{subsection.7.2.1}{\376\377\000A\000I\000\040\000A\000g\000e\000n\000t}{section.7.2}% 107
\BOOKMARK [2][-]{subsection.7.2.2}{\376\377\000O\000p\000e\000n\000A\000I}{section.7.2}% 108
\BOOKMARK [2][-]{subsection.7.2.3}{\376\377\000B\000a\000s\000i\000c\000\040\000L\000L\000M\000\040\000C\000h\000a\000i\000n}{section.7.2}% 109
\BOOKMARK [2][-]{subsection.7.2.4}{\376\377\000I\000n\000f\000o\000r\000m\000a\000t\000i\000o\000n\000\040\000E\000x\000t\000r\000a\000c\000t\000o\000r}{section.7.2}% 110
\BOOKMARK [2][-]{subsection.7.2.5}{\376\377\000Q\000u\000e\000s\000t\000i\000o\000n\000\040\000a\000n\000d\000\040\000A\000n\000s\000w\000e\000r\000\040\000C\000h\000a\000i\000n}{section.7.2}% 111
\BOOKMARK [2][-]{subsection.7.2.6}{\376\377\000S\000e\000n\000t\000i\000m\000e\000n\000t\000\040\000A\000n\000a\000l\000y\000s\000i\000s}{section.7.2}% 112
\BOOKMARK [2][-]{subsection.7.2.7}{\376\377\000S\000u\000m\000m\000a\000r\000i\000z\000a\000t\000i\000o\000n\000\040\000C\000h\000a\000i\000n}{section.7.2}% 113
\BOOKMARK [1][-]{section.7.3}{\376\377\000K\000h\000i\000\040\000T\036\361\000\040\001\020\036\331\000n\000g\000\040\000H\000\363\000a\000\040\000G\036\267\000p\000\040\000T\000r\000\355\000\040\000T\000u\036\307\000\040\000N\000h\000\342\000n\000\040\000T\036\241\000o}{chapter.7}% 114
\BOOKMARK [2][-]{subsection.7.3.1}{\376\377\000D\036\361\000\040\000\301\000n\000\040\001\020\000i\036\303\000n\000\040\000H\000\354\000n\000h\000\040\0001\000:\000\040\000H\036\307\000\040\000T\000h\036\321\000n\000g\000\040\000Q\000u\036\243\000n\000\040\000L\000\375\000\040\000K\000h\000i\036\277\000u\000\040\000N\036\241\000i\000\040\000T\000h\000\364\000n\000g\000\040\000M\000i\000n\000h}{section.7.3}% 115
\BOOKMARK [2][-]{subsection.7.3.2}{\376\377\000D\036\361\000\040\000\341\000n\000\040\001\020\000i\036\303\000n\000\040\000H\000\354\000n\000h\000\040\0002\000:\000\040\000T\000r\000\355\000c\000h\000\040\000x\000u\036\245\000t\000\040\000t\000h\000\364\000n\000g\000\040\000t\000i\000n\000\040\000t\036\353\000\040\000k\000h\000o\000\040\000d\036\357\000\040\000l\000i\036\307\000u\000\040\000h\036\323\000\040\000s\001\241\000\040\036\351\000n\000g\000\040\000v\000i\000\352\000n}{section.7.3}% 116
\BOOKMARK [0][-]{chapter.8}{\376\377\000C\000a\000s\000e\000\040\000S\000t\000u\000d\000y\000\040\000t\000h\036\361\000c\000\040\000t\036\277\000\040\000\050\000p\000h\036\247\000n\000\040\0001\000\051}{}% 117
\BOOKMARK [1][-]{section.8.1}{\376\377\000D\036\361\000\040\000\341\000n\000\040\0001\000:\000\040\000S\000c\000r\000a\000p\000e\000\040\000g\000o\000o\000g\000l\000e\000\040\000m\000a\000p\000s\000\040\000l\036\245\000y\000\040\000d\036\357\000\040\000l\000i\036\307\000u\000\040\000k\000h\000\341\000c\000h\000\040\000h\000\340\000n\000g\000\040\000t\000h\000e\000o\000\040\000l\001\051\000n\000h\000\040\000v\036\361\000c\000\040\000y\000\352\000u\000\040\000c\036\247\000u\000\040}{chapter.8}% 118
\BOOKMARK [2][-]{subsection.8.1.1}{\376\377\000T\036\325\000n\000g\000\040\000q\000u\000a\000n\000\040\000v\036\301\000\040\000W\000o\000r\000k\000f\000l\000o\000w}{section.8.1}% 119
\BOOKMARK [2][-]{subsection.8.1.2}{\376\377\000C\000\341\000c\000\040\000t\000h\000\340\000n\000h\000\040\000p\000h\036\247\000n\000\040\000c\000h\000\355\000n\000h}{section.8.1}% 120
\BOOKMARK [2][-]{subsection.8.1.3}{\376\377\000H\001\260\036\333\000n\000g\000\040\000d\036\253\000n\000\040\000c\000h\000i\000\040\000t\000i\036\277\000t\000\040\000t\036\353\000n\000g\000\040\000b\001\260\036\333\000c}{section.8.1}% 121
\BOOKMARK [2][-]{subsection.8.1.4}{\376\377\000C\000h\000i\000\040\000t\000i\036\277\000t\000\040\000v\036\301\000\040\000x\036\355\000\040\000l\000\375\000\040\000d\036\357\000\040\000l\000i\036\307\000u}{section.8.1}% 122
\BOOKMARK [2][-]{subsection.8.1.5}{\376\377\000D\036\357\000\040\000l\000i\036\307\000u\000\040\001\021\001\260\036\343\000c\000\040\000t\000h\000u\000\040\000t\000h\036\255\000p}{section.8.1}% 123
\BOOKMARK [2][-]{subsection.8.1.6}{\376\377\001\257\000u\000\040\001\021\000i\036\303\000m\000\040\000c\036\347\000a\000\040\000w\000o\000r\000k\000f\000l\000o\000w\000\040\000n\000\340\000y}{section.8.1}% 124
\BOOKMARK [2][-]{subsection.8.1.7}{\376\377\000C\000\341\000c\000\040\000l\001\260\000u\000\040\000\375\000\040\000q\000u\000a\000n\000\040\000t\000r\036\315\000n\000g}{section.8.1}% 125
\BOOKMARK [2][-]{subsection.8.1.8}{\376\377\000C\000\341\000c\000h\000\040\001\021\000i\036\301\000u\000\040\000c\000h\036\311\000n\000h\000\040\000w\000o\000r\000k\000f\000l\000o\000w}{section.8.1}% 126
\BOOKMARK [1][-]{section.8.2}{\376\377\000D\036\361\000\040\000\341\000n\000\040\0002\000:\000\040\000T\036\241\000o\000\040\000c\000h\000a\000t\000b\000o\000t\000\040\000t\000h\000e\000o\000\040\000d\000\365\000i\000\040\000t\000h\000u\000\040\000c\000h\000i\000\040\000b\036\261\000n\000g\000\040\000n\0008\000n\000\040\000q\000u\000a\000\040\000T\000e\000l\000e\000g\000r\000a\000m\000\040}{chapter.8}% 127
\BOOKMARK [2][-]{subsection.8.2.1}{\376\377\000T\036\325\000n\000g\000\040\000q\000u\000a\000n\000\040\000v\036\301\000\040\000w\000o\000r\000k\000f\000l\000o\000w}{section.8.2}% 128
\BOOKMARK [2][-]{subsection.8.2.2}{\376\377\000C\000\341\000c\000\040\000t\000h\000\340\000n\000h\000\040\000p\000h\036\247\000n\000\040\000c\000h\000\355\000n\000h}{section.8.2}% 129
\BOOKMARK [2][-]{subsection.8.2.3}{\376\377\000L\000u\036\323\000n\000g\000\040\000h\000o\036\241\000t\000\040\001\021\036\331\000n\000g}{section.8.2}% 130
\BOOKMARK [2][-]{subsection.8.2.4}{\376\377\001\257\000u\000\040\001\021\000i\036\303\000m\000\040\000c\036\347\000a\000\040\000w\000o\000r\000k\000f\000l\000o\000w}{section.8.2}% 131
\BOOKMARK [2][-]{subsection.8.2.5}{\376\377\000H\001\260\036\333\000n\000g\000\040\000d\036\253\000n\000\040\000t\000h\000i\036\277\000t\000\040\000l\036\255\000p\000\040\000c\000h\000o\000\040\000n\000g\001\260\036\335\000i\000\040\000m\036\333\000i}{section.8.2}% 132
\BOOKMARK [2][-]{subsection.8.2.6}{\376\377\000K\000h\036\243\000\040\000n\001\003\000n\000g\000\040\000m\036\337\000\040\000r\036\331\000n\000g}{section.8.2}% 133
\BOOKMARK [2][-]{subsection.8.2.7}{\376\377\000K\036\277\000t\000\040\000l\000u\036\255\000n}{section.8.2}% 134
\BOOKMARK [1][-]{section.8.3}{\376\377\000D\036\361\000\040\000\341\000n\000\040\0003\000:\000\040\000T\036\241\000o\000\040\000t\000r\036\343\000\040\000l\000\375\000\040\036\243\000o\000\040\000b\036\261\000n\000g\000\040\000T\000e\000l\000e\000g\000r\000a\000m\000\040}{chapter.8}% 135
\BOOKMARK [2][-]{subsection.8.3.1}{\376\377\000P\000h\000\342\000n\000\040\000t\000\355\000c\000h\000\040\000c\000h\000i\000\040\000t\000i\036\277\000t\000\040\000c\000\364\000n\000g\000\040\000d\036\345\000n\000g\000\040\000v\000\340\000\040\001\260\000u\000\040\001\021\000i\036\303\000m}{section.8.3}% 136
\BOOKMARK [2][-]{subsection.8.3.2}{\376\377\000H\001\260\036\333\000n\000g\000\040\000d\036\253\000n\000\040\000t\000h\000i\036\277\000t\000\040\000l\036\255\000p\000\040\000c\000r\000e\000d\000e\000n\000t\000i\000a\000l\000s}{section.8.3}% 137
\BOOKMARK [1][-]{section.8.4}{\376\377\000D\036\361\000\040\000\341\000n\000\040\0004\000:\000\040\000T\036\241\000o\000\040\000s\000h\000o\000r\000t\000\040\000v\000i\000d\000e\000o\000\040\000h\000o\036\241\000t\000\040\000h\000\354\000n\000h\000\040\000b\036\261\000n\000g\000\040\000A\000I\000\040\000v\000\340\000\040\001\021\001\003\000n\000g\000\040\000l\000\352\000n\000\040\000y\000o\000u\000t\000u\000b\000e\000\040}{chapter.8}% 138
\BOOKMARK [2][-]{subsection.8.4.1}{\376\377\000T\036\241\000o\000\040\000n\000o\000d\000e\000\040\000"\000E\000d\000i\000t\000\040\000F\000i\000e\000l\000d\000s}{section.8.4}% 139
\BOOKMARK [2][-]{subsection.8.4.2}{\376\377\000E\000l\000e\000v\000e\000n\000l\000a\000b\000s\000\040\000-\000\040\000A\000I\000\040\000v\036\301\000\040\000\342\000m\000\040\000t\000h\000a\000n\000h\000,\000\040\000c\000h\000u\000y\036\303\000n\000\040\001\021\036\325\000i\000\040\000t\000e\000x\000t\000\040\000v\000\340\000\040\000v\000o\000i\000c\000e\000.}{section.8.4}% 140
\BOOKMARK [2][-]{subsection.8.4.3}{\376\377\000T\000o\000g\000e\000t\000h\000e\000r\000\040\000A\000I\000\040\000-\000\040\000n\036\301\000n\000\040\000t\036\243\000n\000g\000\040\000h\036\327\000\040\000t\000r\036\343\000\040\000c\000\341\000c\000\040\000m\000o\000d\000u\000l\000e\000\040\000A\000I\000\040\000t\036\321\000i\000\040\001\260\000u\000\040\000k\036\277\000t\000\040\000q\000u\036\243\000.}{section.8.4}% 141
\BOOKMARK [2][-]{subsection.8.4.4}{\376\377\000G\000o\000o\000g\000l\000e\000\040\000c\000l\000o\000u\000d\000\040\000s\000t\000o\000r\000a\000g\000e\000\040\000-\000\040\000L\001\260\000u\000\040\000t\000r\036\357\000\040\000c\000\341\000c\000\040\000v\000i\000d\000e\000o\000,\000\040\000A\000u\000d\000i\000o\000,\000\040\000H\000\354\000n\000h\000\040\036\243\000n\000h\000\040\000t\036\241\000o\000\040\000r\000a}{section.8.4}% 142
\BOOKMARK [2][-]{subsection.8.4.5}{\376\377\000H\000a\000i\000l\000u\000o\000\040\000A\000I\000\040\000-\000\040\000T\036\241\000o\000\040\000v\000i\000d\000e\000o\000\040\000b\036\261\000n\000g\000\040\000H\000a\000i\000l\000u\000o\000\040\000A\000I\000.}{section.8.4}% 143
\BOOKMARK [2][-]{subsection.8.4.6}{\376\377\000A\000n\000d\000y\000n\000o\000c\000o\000d\000e\000\040\000-\000\040\000C\000o\000m\000b\000i\000n\000e\000\040\000v\000i\000d\000e\000o\000.}{section.8.4}% 144
\BOOKMARK [0][-]{chapter.9}{\376\377\000C\000a\000s\000e\000\040\000S\000t\000u\000d\000y\000\040\000t\000h\036\361\000c\000\040\000t\036\277\000\040\000\050\000p\000h\036\247\000n\000\040\0002\000\051}{}% 145
\BOOKMARK [1][-]{section.9.1}{\376\377\000D\036\361\000\040\000\341\000n\000\040\0001\000:\000\040\000T\036\241\000o\000\040\000R\000A\000G\000\040\000s\000y\000s\000t\000e\000m\000\040\000-\000\040\000h\036\307\000\040\000t\000h\036\321\000n\000g\000\040\000t\000r\036\243\000\040\000l\036\335\000i\000\040\000c\000\342\000u\000\040\000h\036\317\000i\000\040\000b\036\261\000n\000g\000\040\000t\000\340\000i\000\040\000l\000i\036\307\000u\000\040\000n\000g\001\260\036\335\000i\000\040\000d\000\371\000n\000g}{chapter.9}% 146
\BOOKMARK [1][-]{section.9.2}{\376\377\000D\036\361\000\040\000\341\000n\000\040\0002\000:\000\040\000T\036\361\000\040\000t\036\241\000o\000\040\000t\000\355\000n\000h\000\040\000n\001\003\000n\000g\000\040\000g\036\355\000i\000\040\000t\000h\000\364\000n\000g\000\040\000b\000\341\000o\000\040\001\021\036\277\000n\000\040\000n\000g\001\260\036\335\000i\000\040\001\021\001\003\000n\000g\000\040\000k\000\375\000\040\000c\000h\000o\000\040\000B\000l\000o\000g\000\040\000c\000\341\000\040\000n\000h\000\342\000n}{chapter.9}% 147
\BOOKMARK [2][-]{subsection.9.2.1}{\376\377\000C\000\342\000u\000\040\000c\000h\000u\000y\036\307\000n}{section.9.2}% 148
\BOOKMARK [2][-]{subsection.9.2.2}{\376\377\000T\036\241\000o\000\040\000t\000r\000a\000n\000g\000\040\001\021\001\003\000n\000g\000\040\000k\000\375}{section.9.2}% 149
\BOOKMARK [2][-]{subsection.9.2.3}{\376\377\000C\000\341\000c\000\040\000b\001\260\036\333\000c\000\040\000t\000h\036\361\000c\000\040\000h\000i\036\307\000n}{section.9.2}% 150
\BOOKMARK [1][-]{section.9.3}{\376\377\000D\036\361\000\040\000\341\000n\000\040\0003\000:\000\040\000T\036\361\000\040\000t\036\241\000o\000\040\000b\000o\000t\000\040\000t\000h\000\364\000n\000g\000\040\000m\000i\000n\000h\000\040\000p\000h\036\243\000n\000\040\000h\036\323\000i\000\040\000b\000\354\000n\000h\000\040\000l\000u\036\255\000n\000\040\000b\000\340\000i\000\040\001\021\001\003\000n\000g\000\040\000v\000\340\000\040\000t\000r\036\243\000\040\000l\036\335\000i\000\040\000t\000i\000n\000\040\000n\000h\036\257\000n\000\040\000c\000h\000o\000\040\000p\000a\000g\000e\000\040\000b\000\341\000n\000\040\000v\000\362\000n\000g}{chapter.9}% 151
\BOOKMARK [2][-]{subsection.9.3.1}{\376\377\000P\000h\000a\000s\000e\000\040\0001\000:\000\040\000T\036\241\000o\000\040\000b\000o\000t\000\040\000t\000r\036\243\000\040\000l\036\335\000i\000\040\000t\000i\000n\000\040\000n\000h\036\257\000n\000\040\000t\036\361\000\040\001\021\036\331\000n\000g\000\040\000d\036\361\000a\000\040\000t\000r\000\352\000n\000\040\000R\000A\000G}{section.9.3}% 152
\BOOKMARK [2][-]{subsection.9.3.2}{\376\377\000P\000h\000a\000s\000e\000\040\0002\000:\000\040\000T\036\241\000o\000\040\000b\000o\000t\000\040\000p\000h\036\243\000n\000\040\000h\036\323\000i\000\040\000b\000\354\000n\000h\000\040\000l\000u\036\255\000n\000\040\000b\000\340\000i\000\040\001\021\001\003\000n\000g\000\040\000c\036\347\000a\000\040\000p\000a\000g\000e}{section.9.3}% 153
\BOOKMARK [0][-]{chapter.10}{\376\377\000T\036\361\000\040\001\021\036\331\000n\000g\000\040\000h\000\363\000a\000\040\000k\000h\000\364\000n\000g\000\040\000c\000h\036\311\000\040\000l\000\340\000\040\000m\036\331\000t\000\040\000c\000\364\000n\000g\000\040\000c\036\345\000,\000\040\001\021\000\363\000\040\000l\000\340\000\040\000m\036\331\000t\000\040\000c\000\341\000c\000h\000\040\000t\001\260\000\040\000d\000u\000y}{}% 154
